[0m13:52:37.531278 [debug] [MainThread]: Sending event: {'category': 'dbt', 'action': 'invocation', 'label': 'start', 'context': [<snowplow_tracker.self_describing_json.SelfDescribingJson object at 0x106149610>, <snowplow_tracker.self_describing_json.SelfDescribingJson object at 0x106149d50>, <snowplow_tracker.self_describing_json.SelfDescribingJson object at 0x106148b90>]}


============================== 13:52:37.535033 | dfd3cf87-93e9-44fd-86c7-2a1586b90214 ==============================
[0m13:52:37.535033 [info ] [MainThread]: Running with dbt=1.8.1
[0m13:52:37.535548 [debug] [MainThread]: running dbt with arguments {'printer_width': '80', 'indirect_selection': 'eager', 'write_json': 'True', 'log_cache_events': 'False', 'partial_parse': 'True', 'cache_selected_only': 'False', 'profiles_dir': '/Users/alejandrogiraldoh/.dbt', 'version_check': 'True', 'debug': 'False', 'log_path': 'logs', 'fail_fast': 'False', 'warn_error': 'None', 'use_colors': 'True', 'use_experimental_parser': 'False', 'no_print': 'None', 'quiet': 'False', 'log_format': 'default', 'invocation_command': 'dbt init stream_data_replication', 'introspect': 'True', 'static_parser': 'True', 'target_path': 'None', 'warn_error_options': 'WarnErrorOptions(include=[], exclude=[])', 'send_anonymous_usage_stats': 'True'}
[0m13:52:37.547223 [warn ] [MainThread]: [ConfigFolderDirectory]: Unable to parse dict {'dir': PosixPath('/Users/alejandrogiraldoh/.dbt')}
[0m13:52:37.547812 [info ] [MainThread]: Creating dbt configuration folder at 
[0m13:52:37.549278 [debug] [MainThread]: Starter project path: /Users/alejandrogiraldoh/dev/vindow/dbt-snowflake-poc/.venv/lib/python3.11/site-packages/dbt/include/starter_project
[0m13:52:37.553700 [info ] [MainThread]: 
Your new dbt project "stream_data_replication" was created!

For more information on how to configure the profiles.yml file,
please consult the dbt documentation here:

  https://docs.getdbt.com/docs/configure-your-profile

One more thing:

Need help? Don't hesitate to reach out to us via GitHub issues or on Slack:

  https://community.getdbt.com/

Happy modeling!

[0m13:52:37.553999 [info ] [MainThread]: Setting up your profile.
[0m13:53:45.200111 [info ] [MainThread]: Profile stream_data_replication written to /Users/alejandrogiraldoh/.dbt/profiles.yml using target's profile_template.yml and your supplied values. Run 'dbt debug' to validate the connection.
[0m13:53:45.208359 [debug] [MainThread]: Resource report: {"command_name": "init", "command_success": true, "command_wall_clock_time": 67.725815, "process_user_time": 0.982236, "process_kernel_time": 0.21289, "process_mem_max_rss": "105857024", "process_in_blocks": "0", "process_out_blocks": "0"}
[0m13:53:45.209653 [debug] [MainThread]: Command `dbt init` succeeded at 13:53:45.209440 after 67.73 seconds
[0m13:53:45.211075 [debug] [MainThread]: Sending event: {'category': 'dbt', 'action': 'invocation', 'label': 'end', 'context': [<snowplow_tracker.self_describing_json.SelfDescribingJson object at 0x105d96450>, <snowplow_tracker.self_describing_json.SelfDescribingJson object at 0x106c6bd50>, <snowplow_tracker.self_describing_json.SelfDescribingJson object at 0x10244b9d0>]}
[0m13:53:45.212334 [debug] [MainThread]: Flushing usage events
[0m13:53:59.985319 [debug] [MainThread]: Sending event: {'category': 'dbt', 'action': 'invocation', 'label': 'start', 'context': [<snowplow_tracker.self_describing_json.SelfDescribingJson object at 0x11b0fc350>, <snowplow_tracker.self_describing_json.SelfDescribingJson object at 0x11b15f190>, <snowplow_tracker.self_describing_json.SelfDescribingJson object at 0x11b15ff90>]}


============================== 13:53:59.989081 | eac10544-6fb6-4f28-8343-f6ef9c77be4d ==============================
[0m13:53:59.989081 [info ] [MainThread]: Running with dbt=1.8.1
[0m13:53:59.989579 [debug] [MainThread]: running dbt with arguments {'printer_width': '80', 'indirect_selection': 'eager', 'log_cache_events': 'False', 'write_json': 'True', 'partial_parse': 'True', 'cache_selected_only': 'False', 'profiles_dir': '/Users/alejandrogiraldoh/.dbt', 'version_check': 'True', 'debug': 'False', 'log_path': 'logs', 'fail_fast': 'False', 'warn_error': 'None', 'use_colors': 'True', 'use_experimental_parser': 'False', 'no_print': 'None', 'quiet': 'False', 'log_format': 'default', 'introspect': 'True', 'warn_error_options': 'WarnErrorOptions(include=[], exclude=[])', 'invocation_command': 'dbt debug', 'target_path': 'None', 'static_parser': 'True', 'send_anonymous_usage_stats': 'True'}
[0m13:54:00.001582 [info ] [MainThread]: dbt version: 1.8.1
[0m13:54:00.001992 [info ] [MainThread]: python version: 3.11.9
[0m13:54:00.002270 [info ] [MainThread]: python path: /Users/alejandrogiraldoh/dev/vindow/dbt-snowflake-poc/.venv/bin/python
[0m13:54:00.002509 [info ] [MainThread]: os info: macOS-14.1.1-arm64-arm-64bit
[0m13:54:00.225693 [info ] [MainThread]: Using profiles dir at /Users/alejandrogiraldoh/.dbt
[0m13:54:00.226093 [info ] [MainThread]: Using profiles.yml file at /Users/alejandrogiraldoh/.dbt/profiles.yml
[0m13:54:00.226400 [info ] [MainThread]: Using dbt_project.yml file at /Users/alejandrogiraldoh/dev/vindow/dbt-snowflake-poc/dbt_project.yml
[0m13:54:00.226978 [info ] [MainThread]: adapter type: snowflake
[0m13:54:00.227222 [info ] [MainThread]: adapter version: 1.8.2
[0m13:54:00.227449 [info ] [MainThread]: Configuration:
[0m13:54:00.227667 [info ] [MainThread]:   profiles.yml file [[32mOK found and valid[0m]
[0m13:54:00.227871 [info ] [MainThread]:   dbt_project.yml file [[31mERROR not found[0m]
[0m13:54:00.228070 [info ] [MainThread]: Required dependencies:
[0m13:54:00.228309 [debug] [MainThread]: Executing "git --help"
[0m13:54:00.243914 [debug] [MainThread]: STDOUT: "b"usage: git [--version] [--help] [-C <path>] [-c <name>=<value>]\n           [--exec-path[=<path>]] [--html-path] [--man-path] [--info-path]\n           [-p | --paginate | -P | --no-pager] [--no-replace-objects] [--bare]\n           [--git-dir=<path>] [--work-tree=<path>] [--namespace=<name>]\n           [--super-prefix=<path>] [--config-env=<name>=<envvar>]\n           <command> [<args>]\n\nThese are common Git commands used in various situations:\n\nstart a working area (see also: git help tutorial)\n   clone     Clone a repository into a new directory\n   init      Create an empty Git repository or reinitialize an existing one\n\nwork on the current change (see also: git help everyday)\n   add       Add file contents to the index\n   mv        Move or rename a file, a directory, or a symlink\n   restore   Restore working tree files\n   rm        Remove files from the working tree and from the index\n\nexamine the history and state (see also: git help revisions)\n   bisect    Use binary search to find the commit that introduced a bug\n   diff      Show changes between commits, commit and working tree, etc\n   grep      Print lines matching a pattern\n   log       Show commit logs\n   show      Show various types of objects\n   status    Show the working tree status\n\ngrow, mark and tweak your common history\n   branch    List, create, or delete branches\n   commit    Record changes to the repository\n   merge     Join two or more development histories together\n   rebase    Reapply commits on top of another base tip\n   reset     Reset current HEAD to the specified state\n   switch    Switch branches\n   tag       Create, list, delete or verify a tag object signed with GPG\n\ncollaborate (see also: git help workflows)\n   fetch     Download objects and refs from another repository\n   pull      Fetch from and integrate with another repository or a local branch\n   push      Update remote refs along with associated objects\n\n'git help -a' and 'git help -g' list available subcommands and some\nconcept guides. See 'git help <command>' or 'git help <concept>'\nto read about a specific subcommand or concept.\nSee 'git help git' for an overview of the system.\n""
[0m13:54:00.244669 [debug] [MainThread]: STDERR: "b''"
[0m13:54:00.244958 [info ] [MainThread]:  - git [[32mOK found[0m]

[0m13:54:00.245225 [info ] [MainThread]: Connection:
[0m13:54:00.245492 [info ] [MainThread]:   account: wxb22679.us-east-1
[0m13:54:00.245717 [info ] [MainThread]:   user: JUANPALACIO
[0m13:54:00.245921 [info ] [MainThread]:   database: VINDOW_POC
[0m13:54:00.246120 [info ] [MainThread]:   warehouse: COMPUTE_WH
[0m13:54:00.246313 [info ] [MainThread]:   role: ACCOUNTADMIN
[0m13:54:00.246507 [info ] [MainThread]:   schema: TESTS
[0m13:54:00.246706 [info ] [MainThread]:   authenticator: None
[0m13:54:00.246911 [info ] [MainThread]:   oauth_client_id: None
[0m13:54:00.247104 [info ] [MainThread]:   query_tag: None
[0m13:54:00.247300 [info ] [MainThread]:   client_session_keep_alive: False
[0m13:54:00.247494 [info ] [MainThread]:   host: None
[0m13:54:00.247682 [info ] [MainThread]:   port: None
[0m13:54:00.247877 [info ] [MainThread]:   proxy_host: None
[0m13:54:00.248075 [info ] [MainThread]:   proxy_port: None
[0m13:54:00.248267 [info ] [MainThread]:   protocol: None
[0m13:54:00.248457 [info ] [MainThread]:   connect_retries: 1
[0m13:54:00.248649 [info ] [MainThread]:   connect_timeout: None
[0m13:54:00.248838 [info ] [MainThread]:   retry_on_database_errors: False
[0m13:54:00.249030 [info ] [MainThread]:   retry_all: False
[0m13:54:00.249220 [info ] [MainThread]:   insecure_mode: False
[0m13:54:00.249414 [info ] [MainThread]:   reuse_connections: None
[0m13:54:00.249892 [info ] [MainThread]: Registered adapter: snowflake=1.8.2
[0m13:54:00.255186 [debug] [MainThread]: Acquiring new snowflake connection 'debug'
[0m13:54:00.256545 [debug] [MainThread]: Using snowflake connection "debug"
[0m13:54:00.256840 [debug] [MainThread]: On debug: select 1 as id
[0m13:54:00.257087 [debug] [MainThread]: Opening a new connection, currently in state init
[0m13:54:01.138901 [debug] [MainThread]: SQL status: SUCCESS 1 in 1.0 seconds
[0m13:54:01.141954 [debug] [MainThread]: On debug: Close
[0m13:54:01.356288 [info ] [MainThread]:   Connection test: [[32mOK connection ok[0m]

[0m13:54:01.357457 [info ] [MainThread]: [31m1 check failed:[0m
[0m13:54:01.358008 [info ] [MainThread]: Project loading failed for the following reason:
 project path </Users/alejandrogiraldoh/dev/vindow/dbt-snowflake-poc/dbt_project.yml> not found

[0m13:54:01.362446 [debug] [MainThread]: Resource report: {"command_name": "debug", "command_wall_clock_time": 1.424892, "process_user_time": 1.1614, "process_kernel_time": 0.208484, "process_mem_max_rss": "123977728", "command_success": false, "process_in_blocks": "0", "process_out_blocks": "0"}
[0m13:54:01.363415 [debug] [MainThread]: Command `dbt debug` failed at 13:54:01.363272 after 1.43 seconds
[0m13:54:01.363957 [debug] [MainThread]: Connection 'debug' was properly closed.
[0m13:54:01.364494 [debug] [MainThread]: Sending event: {'category': 'dbt', 'action': 'invocation', 'label': 'end', 'context': [<snowplow_tracker.self_describing_json.SelfDescribingJson object at 0x104887a90>, <snowplow_tracker.self_describing_json.SelfDescribingJson object at 0x11921fbd0>, <snowplow_tracker.self_describing_json.SelfDescribingJson object at 0x11abc5f90>]}
[0m13:54:01.365078 [debug] [MainThread]: Flushing usage events
[0m13:54:32.895504 [debug] [MainThread]: Sending event: {'category': 'dbt', 'action': 'invocation', 'label': 'start', 'context': [<snowplow_tracker.self_describing_json.SelfDescribingJson object at 0x1069995d0>, <snowplow_tracker.self_describing_json.SelfDescribingJson object at 0x1069ff1d0>, <snowplow_tracker.self_describing_json.SelfDescribingJson object at 0x1069fffd0>]}


============================== 13:54:32.899493 | 7e2de4f3-ee33-46cb-9b44-21872765a4f9 ==============================
[0m13:54:32.899493 [info ] [MainThread]: Running with dbt=1.8.1
[0m13:54:32.900050 [debug] [MainThread]: running dbt with arguments {'printer_width': '80', 'indirect_selection': 'eager', 'log_cache_events': 'False', 'write_json': 'True', 'partial_parse': 'True', 'cache_selected_only': 'False', 'profiles_dir': '/Users/alejandrogiraldoh/.dbt', 'version_check': 'True', 'fail_fast': 'False', 'log_path': '/Users/alejandrogiraldoh/dev/vindow/dbt-snowflake-poc/logs', 'warn_error': 'None', 'debug': 'False', 'use_colors': 'True', 'use_experimental_parser': 'False', 'no_print': 'None', 'quiet': 'False', 'log_format': 'default', 'introspect': 'True', 'static_parser': 'True', 'invocation_command': 'dbt debug', 'target_path': 'None', 'warn_error_options': 'WarnErrorOptions(include=[], exclude=[])', 'send_anonymous_usage_stats': 'True'}
[0m13:54:32.911700 [info ] [MainThread]: dbt version: 1.8.1
[0m13:54:32.912126 [info ] [MainThread]: python version: 3.11.9
[0m13:54:32.912411 [info ] [MainThread]: python path: /Users/alejandrogiraldoh/dev/vindow/dbt-snowflake-poc/.venv/bin/python
[0m13:54:32.912651 [info ] [MainThread]: os info: macOS-14.1.1-arm64-arm-64bit
[0m13:54:33.146029 [info ] [MainThread]: Using profiles dir at /Users/alejandrogiraldoh/.dbt
[0m13:54:33.146530 [info ] [MainThread]: Using profiles.yml file at /Users/alejandrogiraldoh/.dbt/profiles.yml
[0m13:54:33.146782 [info ] [MainThread]: Using dbt_project.yml file at /Users/alejandrogiraldoh/dev/vindow/dbt-snowflake-poc/dbt_project.yml
[0m13:54:33.147359 [info ] [MainThread]: adapter type: snowflake
[0m13:54:33.147601 [info ] [MainThread]: adapter version: 1.8.2
[0m13:54:33.217599 [info ] [MainThread]: Configuration:
[0m13:54:33.218069 [info ] [MainThread]:   profiles.yml file [[32mOK found and valid[0m]
[0m13:54:33.218348 [info ] [MainThread]:   dbt_project.yml file [[32mOK found and valid[0m]
[0m13:54:33.218816 [info ] [MainThread]: Required dependencies:
[0m13:54:33.219287 [debug] [MainThread]: Executing "git --help"
[0m13:54:33.231055 [debug] [MainThread]: STDOUT: "b"usage: git [--version] [--help] [-C <path>] [-c <name>=<value>]\n           [--exec-path[=<path>]] [--html-path] [--man-path] [--info-path]\n           [-p | --paginate | -P | --no-pager] [--no-replace-objects] [--bare]\n           [--git-dir=<path>] [--work-tree=<path>] [--namespace=<name>]\n           [--super-prefix=<path>] [--config-env=<name>=<envvar>]\n           <command> [<args>]\n\nThese are common Git commands used in various situations:\n\nstart a working area (see also: git help tutorial)\n   clone     Clone a repository into a new directory\n   init      Create an empty Git repository or reinitialize an existing one\n\nwork on the current change (see also: git help everyday)\n   add       Add file contents to the index\n   mv        Move or rename a file, a directory, or a symlink\n   restore   Restore working tree files\n   rm        Remove files from the working tree and from the index\n\nexamine the history and state (see also: git help revisions)\n   bisect    Use binary search to find the commit that introduced a bug\n   diff      Show changes between commits, commit and working tree, etc\n   grep      Print lines matching a pattern\n   log       Show commit logs\n   show      Show various types of objects\n   status    Show the working tree status\n\ngrow, mark and tweak your common history\n   branch    List, create, or delete branches\n   commit    Record changes to the repository\n   merge     Join two or more development histories together\n   rebase    Reapply commits on top of another base tip\n   reset     Reset current HEAD to the specified state\n   switch    Switch branches\n   tag       Create, list, delete or verify a tag object signed with GPG\n\ncollaborate (see also: git help workflows)\n   fetch     Download objects and refs from another repository\n   pull      Fetch from and integrate with another repository or a local branch\n   push      Update remote refs along with associated objects\n\n'git help -a' and 'git help -g' list available subcommands and some\nconcept guides. See 'git help <command>' or 'git help <concept>'\nto read about a specific subcommand or concept.\nSee 'git help git' for an overview of the system.\n""
[0m13:54:33.232017 [debug] [MainThread]: STDERR: "b''"
[0m13:54:33.232366 [info ] [MainThread]:  - git [[32mOK found[0m]

[0m13:54:33.232762 [info ] [MainThread]: Connection:
[0m13:54:33.233094 [info ] [MainThread]:   account: wxb22679.us-east-1
[0m13:54:33.233593 [info ] [MainThread]:   user: JUANPALACIO
[0m13:54:33.234064 [info ] [MainThread]:   database: VINDOW_POC
[0m13:54:33.234302 [info ] [MainThread]:   warehouse: COMPUTE_WH
[0m13:54:33.234517 [info ] [MainThread]:   role: ACCOUNTADMIN
[0m13:54:33.234719 [info ] [MainThread]:   schema: TESTS
[0m13:54:33.234918 [info ] [MainThread]:   authenticator: None
[0m13:54:33.235134 [info ] [MainThread]:   oauth_client_id: None
[0m13:54:33.235328 [info ] [MainThread]:   query_tag: None
[0m13:54:33.235519 [info ] [MainThread]:   client_session_keep_alive: False
[0m13:54:33.235772 [info ] [MainThread]:   host: None
[0m13:54:33.236176 [info ] [MainThread]:   port: None
[0m13:54:33.236546 [info ] [MainThread]:   proxy_host: None
[0m13:54:33.236837 [info ] [MainThread]:   proxy_port: None
[0m13:54:33.237043 [info ] [MainThread]:   protocol: None
[0m13:54:33.237241 [info ] [MainThread]:   connect_retries: 1
[0m13:54:33.237440 [info ] [MainThread]:   connect_timeout: None
[0m13:54:33.237634 [info ] [MainThread]:   retry_on_database_errors: False
[0m13:54:33.237826 [info ] [MainThread]:   retry_all: False
[0m13:54:33.238014 [info ] [MainThread]:   insecure_mode: False
[0m13:54:33.238207 [info ] [MainThread]:   reuse_connections: None
[0m13:54:33.238703 [info ] [MainThread]: Registered adapter: snowflake=1.8.2
[0m13:54:33.243276 [debug] [MainThread]: Acquiring new snowflake connection 'debug'
[0m13:54:33.244632 [debug] [MainThread]: Using snowflake connection "debug"
[0m13:54:33.244883 [debug] [MainThread]: On debug: select 1 as id
[0m13:54:33.245110 [debug] [MainThread]: Opening a new connection, currently in state init
[0m13:54:33.878405 [debug] [MainThread]: SQL status: SUCCESS 1 in 1.0 seconds
[0m13:54:33.879505 [debug] [MainThread]: On debug: Close
[0m13:54:34.079005 [info ] [MainThread]:   Connection test: [[32mOK connection ok[0m]

[0m13:54:34.079489 [info ] [MainThread]: [32mAll checks passed![0m
[0m13:54:34.082555 [debug] [MainThread]: Resource report: {"command_name": "debug", "command_success": true, "command_wall_clock_time": 1.2311969, "process_user_time": 1.154443, "process_kernel_time": 0.180944, "process_mem_max_rss": "125091840", "process_in_blocks": "0", "process_out_blocks": "0"}
[0m13:54:34.083131 [debug] [MainThread]: Command `dbt debug` succeeded at 13:54:34.083040 after 1.23 seconds
[0m13:54:34.083438 [debug] [MainThread]: Connection 'debug' was properly closed.
[0m13:54:34.083872 [debug] [MainThread]: Sending event: {'category': 'dbt', 'action': 'invocation', 'label': 'end', 'context': [<snowplow_tracker.self_describing_json.SelfDescribingJson object at 0x106629d10>, <snowplow_tracker.self_describing_json.SelfDescribingJson object at 0x107443c90>, <snowplow_tracker.self_describing_json.SelfDescribingJson object at 0x10772ec90>]}
[0m13:54:34.084463 [debug] [MainThread]: Flushing usage events
